<?xml version="1.0" encoding="UTF-8"?>
<testng-results ignored="0" total="1" passed="1" failed="0" skipped="0">
  <reporter-output>
    <line>
      <![CDATA[Logged in Successfully]]>
    </line>
  </reporter-output>
  <suite started-at="2024-02-23T16:22:49 IST" name="Default suite" finished-at="2024-02-23T16:22:59 IST" duration-ms="9319">
    <groups>
    </groups>
    <test started-at="2024-02-23T16:22:49 IST" name="Default test" finished-at="2024-02-23T16:22:59 IST" duration-ms="9319">
      <class name="Wishlist.WishlistTest">
        <test-method is-config="true" signature="browserSetup()[pri:0, instance:Wishlist.WishlistTest@3a7442c7]" started-at="2024-02-23T16:22:49 IST" name="browserSetup" finished-at="2024-02-23T16:22:53 IST" duration-ms="3378" status="PASS">
          <reporter-output>
          </reporter-output>
        </test-method> <!-- browserSetup -->
        <test-method is-config="true" signature="navigation()[pri:0, instance:Wishlist.WishlistTest@3a7442c7]" started-at="2024-02-23T16:22:53 IST" name="navigation" finished-at="2024-02-23T16:22:55 IST" duration-ms="2712" status="PASS">
          <reporter-output>
          </reporter-output>
        </test-method> <!-- navigation -->
        <test-method signature="tc005()[pri:0, instance:Wishlist.WishlistTest@3a7442c7]" started-at="2024-02-23T16:22:55 IST" name="tc005" description="Verify user is able to navigate to Wishlist page" finished-at="2024-02-23T16:22:58 IST" duration-ms="2830" status="PASS">
          <reporter-output>
            <line>
              <![CDATA[Logged in Successfully]]>
            </line>
          </reporter-output>
        </test-method> <!-- tc005 -->
        <test-method is-config="true" signature="quit()[pri:0, instance:Wishlist.WishlistTest@3a7442c7]" started-at="2024-02-23T16:22:58 IST" name="quit" finished-at="2024-02-23T16:22:59 IST" duration-ms="319" status="PASS">
          <reporter-output>
          </reporter-output>
        </test-method> <!-- quit -->
        <test-method is-config="true" signature="flushReport()[pri:0, instance:Wishlist.WishlistTest@3a7442c7]" started-at="2024-02-23T16:22:59 IST" name="flushReport" finished-at="2024-02-23T16:22:59 IST" duration-ms="4" status="FAIL">
          <exception class="java.lang.NullPointerException">
            <message>
              <![CDATA[Cannot invoke "com.aventstack.extentreports.ExtentReports.flush()" because "tyss.globalsqa.baseclass.BaseClass.reports" is null]]>
            </message>
            <full-stacktrace>
              <![CDATA[java.lang.NullPointerException: Cannot invoke "com.aventstack.extentreports.ExtentReports.flush()" because "tyss.globalsqa.baseclass.BaseClass.reports" is null
at tyss.globalsqa.baseclass.BaseClass.flushReport(BaseClass.java:48)
at java.base/jdk.internal.reflect.NativeMethodAccessorImpl.invoke0(Native Method)
at java.base/jdk.internal.reflect.NativeMethodAccessorImpl.invoke(NativeMethodAccessorImpl.java:77)
at java.base/jdk.internal.reflect.DelegatingMethodAccessorImpl.invoke(DelegatingMethodAccessorImpl.java:43)
at java.base/java.lang.reflect.Method.invoke(Method.java:568)
at org.testng.internal.invokers.MethodInvocationHelper.invokeMethod(MethodInvocationHelper.java:139)
at org.testng.internal.invokers.MethodInvocationHelper.invokeMethodConsideringTimeout(MethodInvocationHelper.java:69)
at org.testng.internal.invokers.ConfigInvoker.invokeConfigurationMethod(ConfigInvoker.java:390)
at org.testng.internal.invokers.ConfigInvoker.invokeConfigurations(ConfigInvoker.java:325)
at org.testng.SuiteRunner.privateRun(SuiteRunner.java:410)
at org.testng.SuiteRunner.run(SuiteRunner.java:336)
at org.testng.SuiteRunnerWorker.runSuite(SuiteRunnerWorker.java:52)
at org.testng.SuiteRunnerWorker.run(SuiteRunnerWorker.java:95)
at org.testng.TestNG.runSuitesSequentially(TestNG.java:1280)
at org.testng.TestNG.runSuitesLocally(TestNG.java:1200)
at org.testng.TestNG.runSuites(TestNG.java:1114)
at org.testng.TestNG.run(TestNG.java:1082)
at org.testng.remote.AbstractRemoteTestNG.run(AbstractRemoteTestNG.java:115)
at org.testng.remote.RemoteTestNG.initAndRun(RemoteTestNG.java:251)
at org.testng.remote.RemoteTestNG.main(RemoteTestNG.java:77)
]]>
            </full-stacktrace>
          </exception> <!-- java.lang.NullPointerException -->
          <reporter-output>
          </reporter-output>
        </test-method> <!-- flushReport -->
      </class> <!-- Wishlist.WishlistTest -->
    </test> <!-- Default test -->
  </suite> <!-- Default suite -->
</testng-results>
